<?xml version="1.0" encoding="UTF-8"?>
<testsuite xmlns:xsi="http://www.w3.org/2001/XMLSchema-instance" xsi:noNamespaceSchemaLocation="https://maven.apache.org/surefire/maven-surefire-plugin/xsd/surefire-test-report.xsd" name="OAMS Application" time="5,894.81" tests="16" errors="1" skipped="0" failures="0">
  <properties>
    <property name="awt.toolkit" value="sun.awt.windows.WToolkit"/>
    <property name="java.specification.version" value="11"/>
    <property name="RUN_DISPLAY_URL" value="http://localhost:9090/job/OAMSApp/2/display/redirect"/>
    <property name="HUDSON_HOME" value="C:\Users\parmeshwar.sakole.GLOBAL\.jenkins"/>
    <property name="sun.cpu.isalist" value="amd64"/>
    <property name="RUN_CHANGES_DISPLAY_URL" value="http://localhost:9090/job/OAMSApp/2/display/redirect?page=changes"/>
    <property name="sun.jnu.encoding" value="Cp1252"/>
    <property name="ALLUSERSPROFILE" value="C:\ProgramData"/>
    <property name="TestCaseName" value="OAMSCases"/>
    <property name="sun.arch.data.model" value="64"/>
    <property name="SystemDrive" value="C:"/>
    <property name="java.vendor.url" value="http://java.oracle.com/"/>
    <property name="JENKINS_SERVER_COOKIE" value="1a88efd6d6319754"/>
    <property name="USERNAME" value="parmeshwar.sakole"/>
    <property name="ProgramFiles(x86)" value="C:\Program Files (x86)"/>
    <property name="JENKINS_URL" value="http://localhost:9090/"/>
    <property name="sun.boot.library.path" value="C:\Program Files\Java\jdk-11.0.4\bin"/>
    <property name="sun.java.command" value="jenkins.maven3.agent.Maven35Main C:\apache-maven-3.8.2 C:\Users\parmeshwar.sakole.GLOBAL\.jenkins\war\WEB-INF\lib\remoting-4.10.jar C:\Users\parmeshwar.sakole.GLOBAL\.jenkins\plugins\maven-plugin\WEB-INF\lib\maven35-interceptor-1.13.jar C:\Users\parmeshwar.sakole.GLOBAL\.jenkins\plugins\maven-plugin\WEB-INF\lib\maven3-interceptor-commons-1.13.jar 56618"/>
    <property name="maven.home" value="C:\apache-maven-3.8.2"/>
    <property name="jdk.debug" value="release"/>
    <property name="PATHEXT" value=".COM;.EXE;.BAT;.CMD;.VBS;.VBE;.JS;.JSE;.WSF;.WSH;.MSC"/>
    <property name="java.specification.vendor" value="Oracle Corporation"/>
    <property name="jansi.mode" value="strip"/>
    <property name="java.version.date" value="2019-07-16"/>
    <property name="java.home" value="C:\Program Files\Java\jdk-11.0.4"/>
    <property name="JENKINS_HOME" value="C:\Users\parmeshwar.sakole.GLOBAL\.jenkins"/>
    <property name="file.separator" value="\"/>
    <property name="java.vm.compressedOopsMode" value="Zero based"/>
    <property name="line.separator" value="&#10;"/>
    <property name="HOMEPATH" value="\Users\parmeshwar.sakole.GLOBAL"/>
    <property name="NODE_NAME" value="master"/>
    <property name="java.specification.name" value="Java Platform API Specification"/>
    <property name="java.vm.specification.vendor" value="Oracle Corporation"/>
    <property name="BUILD_DISPLAY_NAME" value="#2"/>
    <property name="PROCESSOR_IDENTIFIER" value="AMD64 Family 21 Model 2 Stepping 0, AuthenticAMD"/>
    <property name="maven3.interceptor" value="C:\Users\parmeshwar.sakole.GLOBAL\.jenkins\plugins\maven-plugin\WEB-INF\lib\maven35-interceptor-1.13.jar"/>
    <property name="PATH+MAVEN" value="C:\apache-maven-3.8.2/bin"/>
    <property name="maven3.interceptor.common" value="C:\Users\parmeshwar.sakole.GLOBAL\.jenkins\plugins\maven-plugin\WEB-INF\lib\maven3-interceptor-commons-1.13.jar"/>
    <property name="ProgramFiles" value="C:\Program Files"/>
    <property name="PUBLIC" value="C:\Users\Public"/>
    <property name="windir" value="C:\Windows"/>
    <property name="WORKSPACE_TMP" value="C:\Users\parmeshwar.sakole.GLOBAL\.jenkins\workspace\OAMSApp@tmp"/>
    <property name="user.script" value=""/>
    <property name="sun.management.compiler" value="HotSpot 64-Bit Tiered Compilers"/>
    <property name="java.runtime.version" value="11.0.4+10-LTS"/>
    <property name="JAVA_HOME" value="C:\Program Files\Java\jdk-11.0.4"/>
    <property name="LDMS_LOCAL_DIR" value="C:\Program Files (x86)\LANDesk\LDClient\Data"/>
    <property name="PROMPT" value="$P$G"/>
    <property name="user.name" value="parmeshwar.sakole"/>
    <property name="file.encoding" value="Cp1252"/>
    <property name="=C:" value="C:\Users\parmeshwar.sakole.GLOBAL\Downloads"/>
    <property name="APPDATA" value="C:\Users\parmeshwar.sakole.GLOBAL\AppData\Roaming"/>
    <property name="guice.disable.misplaced.annotation.check" value="true"/>
    <property name="HUDSON_URL" value="http://localhost:9090/"/>
    <property name="WORKSPACE" value="C:\Users\parmeshwar.sakole.GLOBAL\.jenkins\workspace\OAMSApp"/>
    <property name="java.vendor.version" value="18.9"/>
    <property name="Path" value="C:\Windows\system32;C:\Windows;C:\Windows\System32\Wbem;C:\Windows\System32\WindowsPowerShell\v1.0\;C:\apache-maven-3.8.2\bin;C:\Program Files\Java\jdk-11.0.4\bin;C:\Program Files\Git\cmd;C:\Program Files\TortoiseGit\bin;C:\Users\parmeshwar.sakole.GLOBAL\AppData\Local\Microsoft\WindowsApps"/>
    <property name="java.io.tmpdir" value="C:\Users\PARMES~1.GLO\AppData\Local\Temp\"/>
    <property name="java.version" value="11.0.4"/>
    <property name="CI" value="true"/>
    <property name="COMPUTERNAME" value="UK-V-JENK-01"/>
    <property name="java.vm.specification.name" value="Java Virtual Machine Specification"/>
    <property name="java.awt.printerjob" value="sun.awt.windows.WPrinterJob"/>
    <property name="JOB_BASE_NAME" value="OAMSApp"/>
    <property name="sun.os.patch.level" value=""/>
    <property name="ComSpec" value="C:\Windows\system32\cmd.exe"/>
    <property name="org.slf4j.simpleLogger.defaultLogLevel" value="info"/>
    <property name="java.library.path" value="C:\Program Files\Java\jdk-11.0.4\bin;C:\Windows\Sun\Java\bin;C:\Windows\system32;C:\Windows;C:\apache-maven-3.8.2/bin;C:\Windows\system32;C:\Windows;C:\Windows\System32\Wbem;C:\Windows\System32\WindowsPowerShell\v1.0\;C:\apache-maven-3.8.2\bin;C:\Program Files\Java\jdk-11.0.4\bin;C:\Program Files\Git\cmd;C:\Program Files\TortoiseGit\bin;C:\Users\parmeshwar.sakole.GLOBAL\AppData\Local\Microsoft\WindowsApps;."/>
    <property name="BUILD_NUMBER" value="2"/>
    <property name="java.vendor" value="Oracle Corporation"/>
    <property name="BUILD_URL" value="http://localhost:9090/job/OAMSApp/2/"/>
    <property name="HOMEDRIVE" value="C:"/>
    <property name="RUN_ARTIFACTS_DISPLAY_URL" value="http://localhost:9090/job/OAMSApp/2/display/redirect?page=artifacts"/>
    <property name="sun.io.unicode.encoding" value="UnicodeLittle"/>
    <property name="NUMBER_OF_PROCESSORS" value="8"/>
    <property name="sun.desktop" value="windows"/>
    <property name="USERDOMAIN_ROAMINGPROFILE" value="GLOBAL"/>
    <property name="PROCESSOR_LEVEL" value="21"/>
    <property name="JOB_URL" value="http://localhost:9090/job/OAMSApp/"/>
    <property name="java.class.path" value="C:\Users\parmeshwar.sakole.GLOBAL\.jenkins\plugins\maven-plugin\WEB-INF\lib\maven35-agent-1.13.jar;C:\apache-maven-3.8.2\boot\plexus-classworlds-2.6.0.jar;C:\apache-maven-3.8.2/conf/logging"/>
    <property name="java.vm.vendor" value="Oracle Corporation"/>
    <property name="PROCESSOR_ARCHITECTURE" value="AMD64"/>
    <property name="PSModulePath" value="C:\Program Files\WindowsPowerShell\Modules;C:\Windows\system32\WindowsPowerShell\v1.0\Modules"/>
    <property name="user.variant" value=""/>
    <property name="MAVEN_HOME" value="C:\apache-maven-3.8.2"/>
    <property name="user.timezone" value="Europe/London"/>
    <property name="maven.conf" value="C:\apache-maven-3.8.2\conf"/>
    <property name="os.name" value="Windows Server 2016"/>
    <property name="java.vm.specification.version" value="11"/>
    <property name="USERDNSDOMAIN" value="GLOBAL.INTERNAL"/>
    <property name="RUN_TESTS_DISPLAY_URL" value="http://localhost:9090/job/OAMSApp/2/display/redirect?page=tests"/>
    <property name="user.country" value="US"/>
    <property name="sun.java.launcher" value="SUN_STANDARD"/>
    <property name="BUILD_TAG" value="jenkins-OAMSApp-2"/>
    <property name="sun.cpu.endian" value="little"/>
    <property name="user.home" value="C:\Users\parmeshwar.sakole.GLOBAL"/>
    <property name="user.language" value="en"/>
    <property name="ProgramData" value="C:\ProgramData"/>
    <property name="ProgramW6432" value="C:\Program Files"/>
    <property name="java.awt.graphicsenv" value="sun.awt.Win32GraphicsEnvironment"/>
    <property name="JOB_DISPLAY_URL" value="http://localhost:9090/job/OAMSApp/display/redirect"/>
    <property name="M2_HOME" value="C:\apache-maven-3.8.2"/>
    <property name="LOCALAPPDATA" value="C:\Users\parmeshwar.sakole.GLOBAL\AppData\Local"/>
    <property name="BROWSER" value="chrome"/>
    <property name="USERDOMAIN" value="GLOBAL"/>
    <property name="LOGONSERVER" value="\\UK2-V-DC01"/>
    <property name="path.separator" value=";"/>
    <property name="BUILD_ID" value="2"/>
    <property name="os.version" value="10.0"/>
    <property name="JOB_NAME" value="OAMSApp"/>
    <property name="java.runtime.name" value="Java(TM) SE Runtime Environment"/>
    <property name="NODE_LABELS" value="master"/>
    <property name="java.vm.name" value="Java HotSpot(TM) 64-Bit Server VM"/>
    <property name="CommonProgramFiles" value="C:\Program Files\Common Files"/>
    <property name="java.vendor.url.bug" value="http://bugreport.java.com/bugreport/"/>
    <property name="OS" value="Windows_NT"/>
    <property name="user.dir" value="C:\GitProject\OAMSApplication\OAMSApplication"/>
    <property name="os.arch" value="amd64"/>
    <property name="EXECUTOR_NUMBER" value="0"/>
    <property name="HUDSON_SERVER_COOKIE" value="1a88efd6d6319754"/>
    <property name="PROCESSOR_REVISION" value="0200"/>
    <property name="tagName" value="@OAMSCases"/>
    <property name="CLASSPATH" value=""/>
    <property name="CommonProgramW6432" value="C:\Program Files\Common Files"/>
    <property name="SystemRoot" value="C:\Windows"/>
    <property name="TEMP" value="C:\Users\PARMES~1.GLO\AppData\Local\Temp"/>
    <property name="java.vm.info" value="mixed mode"/>
    <property name="java.vm.version" value="11.0.4+10-LTS"/>
    <property name="USERPROFILE" value="C:\Users\parmeshwar.sakole.GLOBAL"/>
    <property name="TMP" value="C:\Users\PARMES~1.GLO\AppData\Local\Temp"/>
    <property name="CommonProgramFiles(x86)" value="C:\Program Files (x86)\Common Files"/>
    <property name="java.class.version" value="55.0"/>
  </properties>
  <testcase name="Verify to Create OAMS New Apportunity approval request for Category A and Estimated Effort less than twenty five days" classname="OAMS Application" time="436.276"/>
  <testcase name="Verify to Create OAMS New Apportunity approval request for Category A and Estimated Effort less than twenty five days" classname="OAMS Application" time="393.524"/>
  <testcase name="Verify to Create OAMS New Apportunity approval request for Category A and Estimated Effort less than twenty five days" classname="OAMS Application" time="389.645"/>
  <testcase name="Verify to Create OAMS New Apportunity approval request for Category A and Estimated Effort less than twenty five days" classname="OAMS Application" time="391.496"/>
  <testcase name="Verify to Create OAMS New Apportunity approval request for Category A and Estimated Effort less than twenty five days" classname="OAMS Application" time="380.246"/>
  <testcase name="Verify to Create OAMS New Apportunity approval request for Category A and Estimated Effort less than twenty five days" classname="OAMS Application" time="394.205"/>
  <testcase name="Verify to Create OAMS New Apportunity approval request for Category A and Estimated Effort less than twenty five days" classname="OAMS Application" time="394.447"/>
  <testcase name="Verify to Create OAMS New Apportunity approval request for Category A and Estimated Effort less than twenty five days" classname="OAMS Application" time="375.524"/>
  <testcase name="Verify to Create OAMS New Apportunity approval request for Category A and Estimated Effort less than twenty five days" classname="OAMS Application" time="391.509">
    <error message="Expected condition failed: waiting for pageobjects.PropertiesPageObject$1@57786d7b (tried for 300 second(s) with 50 milliseconds interval)" type="org.openqa.selenium.TimeoutException">org.openqa.selenium.TimeoutException: Expected condition failed: waiting for pageobjects.PropertiesPageObject$1@57786d7b (tried for 300 second(s) with 50 milliseconds interval)
Caused by: org.openqa.selenium.NoSuchElementException: 
no such element: Unable to locate element: {"method":"xpath","selector":"//span[contains(text(),'Create new opportunity approval request')]"}
  (Session info: chrome=95.0.4638.69)
For documentation on this error, please visit: http://seleniumhq.org/exceptions/no_such_element.html
Build info: version: '3.10.0', revision: '176b4a9', time: '2018-03-02T19:03:16.397Z'
System info: host: 'UK-V-JENK-01', ip: '10.102.80.159', os.name: 'Windows Server 2016', os.arch: 'amd64', os.version: '10.0', java.version: '11.0.4'
Driver info: org.openqa.selenium.chrome.ChromeDriver
Capabilities {acceptInsecureCerts: false, browserName: chrome, browserVersion: 95.0.4638.69, chrome: {chromedriverVersion: 95.0.4638.54 (d31a821ec901f..., userDataDir: C:\Users\PARMES~1.GLO\AppDa...}, goog:chromeOptions: {debuggerAddress: localhost:58066}, javascriptEnabled: true, networkConnectionEnabled: false, pageLoadStrategy: normal, platform: WINDOWS, platformName: WINDOWS, proxy: Proxy(), setWindowRect: true, strictFileInteractability: false, timeouts: {implicit: 0, pageLoad: 300000, script: 30000}, unhandledPromptBehavior: dismiss and notify, webauthn:extension:credBlob: true, webauthn:extension:largeBlob: true, webauthn:virtualAuthenticators: true}
Session ID: 772a0ef3c92da6baac8419ea4ce2f3d9
*** Element info: {Using=xpath, value=//span[contains(text(),'Create new opportunity approval request')]}
</error>
    <system-out><![CDATA[
1 Scenarios (&amp#27;[32m1 passed&amp#27;[0m)
17 Steps (&amp#27;[32m17 passed&amp#27;[0m)
52m45.425s

2021-11-12 08:46:17 [main] INFO  ReportParser:62 - File 'C:\GitProject\OAMSApplication\OAMSApplication\target\surefire-reports\1.json' contain 1 features
2021-11-12 08:46:17 [main] INFO  ReportBuilder:222 - net.masterthought.cucumber.ValidationException: File 'C:\GitProject\OAMSApplication\OAMSApplication\target\surefire-reports\10.json' is not proper Cucumber report!
The Browser used for this test is: CHROME
Beginning of getExtentReportsInstance method in ExtentHtmlManager class...
Beginning of getExtentReportsInstance method in ExtentHtmlManager class...
URLS@@@@@@@@:===http://parmeshwar.sakole:Maahi@123456789@tc3-v-devsp05/sites/oam/Lists/OAM/
Beginning of getExtentReportsInstance method in ExtentHtmlManager class...
------------------->actualtitle = OAM - OAM - Qualified out
Beginning of getExtentReportsInstance method in ExtentHtmlManager class...
Beginning of getExtentReportsInstance method in ExtentHtmlManager class...
Beginning of getExtentReportsInstance method in ExtentHtmlManager class...

OAM - OAM - All Items (new)
Beginning of getExtentReportsInstance method in ExtentHtmlManager class...
Beginning of getExtentReportsInstance method in ExtentHtmlManager class...
]]></system-out>
    <system-err><![CDATA[Starting ChromeDriver 95.0.4638.54 (d31a821ec901f68d0d34ccdbaea45b4c86ce543e-refs/branch-heads/4638@{#871}) on port 38360
Only local connections are allowed.
Please see https://chromedriver.chromium.org/security-considerations for suggestions on keeping ChromeDriver safe.
ChromeDriver was started successfully.
Nov 12, 2021 8:46:20 AM org.openqa.selenium.remote.ProtocolHandshake createSession
INFO: Detected dialect: W3C
]]></system-err>
  </testcase>
  <testcase name="Verify to Create OAMS New Apportunity approval request for Category A and Estimated Effort less than twenty five days" classname="OAMS Application" time="379.893"/>
  <testcase name="Verify to Create OAMS New Apportunity approval request for Category A and Estimated Effort less than twenty five days" classname="OAMS Application" time="377.526"/>
  <testcase name="Verify to Create OAMS New Apportunity approval request for Category A and Estimated Effort less than twenty five days" classname="OAMS Application" time="376.709"/>
  <testcase name="Verify to Create OAMS New Apportunity approval request for Category A and Estimated Effort less than twenty five days" classname="OAMS Application" time="298.291"/>
  <testcase name="Verify to Create OAMS New Apportunity approval request for Category A and Estimated Effort less than twenty five days" classname="OAMS Application" time="291.972"/>
  <testcase name="Verify to Create OAMS New Apportunity approval request for Category Exemption and Estimated Effort less than twenty five days" classname="OAMS Application" time="299.936"/>
  <testcase name="Verify to Create OAMS New Apportunity approval request for Category Exmeption and Estimated Effort less than twenty five days" classname="OAMS Application" time="301.666"/>
</testsuite>